{"/Users/Phillip/Projects/go/src/github.com/t1cg/util/jsLogger/logger.js": {"path":"/Users/Phillip/Projects/go/src/github.com/t1cg/util/jsLogger/logger.js","statementMap":{"0":{"start":{"line":1,"column":0},"end":{"line":1,"column":62}},"1":{"start":{"line":2,"column":15},"end":{"line":2,"column":32}},"2":{"start":{"line":3,"column":15},"end":{"line":3,"column":32}},"3":{"start":{"line":4,"column":11},"end":{"line":4,"column":24}},"4":{"start":{"line":7,"column":8},"end":{"line":7,"column":27}},"5":{"start":{"line":8,"column":8},"end":{"line":8,"column":33}},"6":{"start":{"line":9,"column":8},"end":{"line":9,"column":33}},"7":{"start":{"line":13,"column":8},"end":{"line":13,"column":27}},"8":{"start":{"line":14,"column":22},"end":{"line":14,"column":65}},"9":{"start":{"line":15,"column":8},"end":{"line":58,"column":9}},"10":{"start":{"line":17,"column":16},"end":{"line":17,"column":62}},"11":{"start":{"line":18,"column":16},"end":{"line":18,"column":62}},"12":{"start":{"line":19,"column":16},"end":{"line":19,"column":60}},"13":{"start":{"line":20,"column":16},"end":{"line":20,"column":60}},"14":{"start":{"line":21,"column":16},"end":{"line":21,"column":62}},"15":{"start":{"line":22,"column":16},"end":{"line":22,"column":22}},"16":{"start":{"line":25,"column":16},"end":{"line":25,"column":61}},"17":{"start":{"line":26,"column":16},"end":{"line":26,"column":62}},"18":{"start":{"line":27,"column":16},"end":{"line":27,"column":60}},"19":{"start":{"line":28,"column":16},"end":{"line":28,"column":60}},"20":{"start":{"line":29,"column":16},"end":{"line":29,"column":62}},"21":{"start":{"line":30,"column":16},"end":{"line":30,"column":22}},"22":{"start":{"line":33,"column":16},"end":{"line":33,"column":61}},"23":{"start":{"line":34,"column":16},"end":{"line":34,"column":61}},"24":{"start":{"line":35,"column":16},"end":{"line":35,"column":60}},"25":{"start":{"line":36,"column":16},"end":{"line":36,"column":60}},"26":{"start":{"line":37,"column":16},"end":{"line":37,"column":62}},"27":{"start":{"line":38,"column":16},"end":{"line":38,"column":22}},"28":{"start":{"line":41,"column":16},"end":{"line":41,"column":61}},"29":{"start":{"line":42,"column":16},"end":{"line":42,"column":61}},"30":{"start":{"line":43,"column":16},"end":{"line":43,"column":59}},"31":{"start":{"line":44,"column":16},"end":{"line":44,"column":60}},"32":{"start":{"line":45,"column":16},"end":{"line":45,"column":62}},"33":{"start":{"line":46,"column":16},"end":{"line":46,"column":22}},"34":{"start":{"line":49,"column":16},"end":{"line":49,"column":61}},"35":{"start":{"line":50,"column":16},"end":{"line":50,"column":61}},"36":{"start":{"line":51,"column":16},"end":{"line":51,"column":59}},"37":{"start":{"line":52,"column":16},"end":{"line":52,"column":59}},"38":{"start":{"line":53,"column":16},"end":{"line":53,"column":62}},"39":{"start":{"line":56,"column":16},"end":{"line":56,"column":49}},"40":{"start":{"line":62,"column":8},"end":{"line":111,"column":9}},"41":{"start":{"line":64,"column":16},"end":{"line":64,"column":48}},"42":{"start":{"line":65,"column":16},"end":{"line":65,"column":69}},"43":{"start":{"line":66,"column":16},"end":{"line":66,"column":69}},"44":{"start":{"line":67,"column":16},"end":{"line":67,"column":67}},"45":{"start":{"line":68,"column":16},"end":{"line":68,"column":67}},"46":{"start":{"line":69,"column":16},"end":{"line":69,"column":69}},"47":{"start":{"line":70,"column":16},"end":{"line":70,"column":22}},"48":{"start":{"line":73,"column":16},"end":{"line":73,"column":48}},"49":{"start":{"line":74,"column":16},"end":{"line":74,"column":68}},"50":{"start":{"line":75,"column":16},"end":{"line":75,"column":69}},"51":{"start":{"line":76,"column":16},"end":{"line":76,"column":67}},"52":{"start":{"line":77,"column":16},"end":{"line":77,"column":67}},"53":{"start":{"line":78,"column":16},"end":{"line":78,"column":69}},"54":{"start":{"line":79,"column":16},"end":{"line":79,"column":22}},"55":{"start":{"line":82,"column":16},"end":{"line":82,"column":47}},"56":{"start":{"line":83,"column":16},"end":{"line":83,"column":68}},"57":{"start":{"line":84,"column":16},"end":{"line":84,"column":68}},"58":{"start":{"line":85,"column":16},"end":{"line":85,"column":67}},"59":{"start":{"line":86,"column":16},"end":{"line":86,"column":67}},"60":{"start":{"line":87,"column":16},"end":{"line":87,"column":69}},"61":{"start":{"line":88,"column":16},"end":{"line":88,"column":22}},"62":{"start":{"line":91,"column":16},"end":{"line":91,"column":47}},"63":{"start":{"line":92,"column":16},"end":{"line":92,"column":68}},"64":{"start":{"line":93,"column":16},"end":{"line":93,"column":68}},"65":{"start":{"line":94,"column":16},"end":{"line":94,"column":66}},"66":{"start":{"line":95,"column":16},"end":{"line":95,"column":67}},"67":{"start":{"line":96,"column":16},"end":{"line":96,"column":69}},"68":{"start":{"line":97,"column":16},"end":{"line":97,"column":22}},"69":{"start":{"line":100,"column":16},"end":{"line":100,"column":50}},"70":{"start":{"line":101,"column":16},"end":{"line":101,"column":68}},"71":{"start":{"line":102,"column":16},"end":{"line":102,"column":68}},"72":{"start":{"line":103,"column":16},"end":{"line":103,"column":66}},"73":{"start":{"line":104,"column":16},"end":{"line":104,"column":66}},"74":{"start":{"line":105,"column":16},"end":{"line":105,"column":69}},"75":{"start":{"line":106,"column":16},"end":{"line":106,"column":22}},"76":{"start":{"line":109,"column":16},"end":{"line":109,"column":49}},"77":{"start":{"line":115,"column":8},"end":{"line":115,"column":26}},"78":{"start":{"line":119,"column":8},"end":{"line":119,"column":27}},"79":{"start":{"line":120,"column":8},"end":{"line":120,"column":33}},"80":{"start":{"line":123,"column":8},"end":{"line":123,"column":31}},"81":{"start":{"line":124,"column":8},"end":{"line":124,"column":31}},"82":{"start":{"line":125,"column":8},"end":{"line":125,"column":30}},"83":{"start":{"line":126,"column":8},"end":{"line":126,"column":30}},"84":{"start":{"line":127,"column":8},"end":{"line":127,"column":31}},"85":{"start":{"line":130,"column":0},"end":{"line":130,"column":25}},"86":{"start":{"line":133,"column":8},"end":{"line":133,"column":27}},"87":{"start":{"line":134,"column":8},"end":{"line":141,"column":9}},"88":{"start":{"line":136,"column":12},"end":{"line":136,"column":43}},"89":{"start":{"line":140,"column":12},"end":{"line":140,"column":30}},"90":{"start":{"line":142,"column":8},"end":{"line":142,"column":62}},"91":{"start":{"line":145,"column":8},"end":{"line":145,"column":49}}},"fnMap":{"0":{"name":"(anonymous_0)","decl":{"start":{"line":6,"column":4},"end":{"line":6,"column":5}},"loc":{"start":{"line":6,"column":52},"end":{"line":10,"column":5}},"line":6},"1":{"name":"(anonymous_1)","decl":{"start":{"line":12,"column":4},"end":{"line":12,"column":5}},"loc":{"start":{"line":12,"column":42},"end":{"line":59,"column":5}},"line":12},"2":{"name":"(anonymous_2)","decl":{"start":{"line":61,"column":4},"end":{"line":61,"column":5}},"loc":{"start":{"line":61,"column":24},"end":{"line":112,"column":5}},"line":61},"3":{"name":"(anonymous_3)","decl":{"start":{"line":114,"column":4},"end":{"line":114,"column":5}},"loc":{"start":{"line":114,"column":18},"end":{"line":116,"column":5}},"line":114},"4":{"name":"(anonymous_4)","decl":{"start":{"line":118,"column":4},"end":{"line":118,"column":5}},"loc":{"start":{"line":118,"column":23},"end":{"line":121,"column":5}},"line":118},"5":{"name":"(anonymous_5)","decl":{"start":{"line":122,"column":4},"end":{"line":122,"column":5}},"loc":{"start":{"line":122,"column":13},"end":{"line":128,"column":5}},"line":122},"6":{"name":"(anonymous_6)","decl":{"start":{"line":132,"column":4},"end":{"line":132,"column":5}},"loc":{"start":{"line":132,"column":40},"end":{"line":143,"column":5}},"line":132},"7":{"name":"(anonymous_7)","decl":{"start":{"line":144,"column":4},"end":{"line":144,"column":5}},"loc":{"start":{"line":144,"column":16},"end":{"line":146,"column":5}},"line":144},"8":{"name":"(anonymous_8)","decl":{"start":{"line":150,"column":4},"end":{"line":150,"column":5}},"loc":{"start":{"line":150,"column":29},"end":{"line":152,"column":5}},"line":150}},"branchMap":{"0":{"loc":{"start":{"line":6,"column":16},"end":{"line":6,"column":33}},"type":"default-arg","locations":[{"start":{"line":6,"column":27},"end":{"line":6,"column":33}}],"line":6},"1":{"loc":{"start":{"line":6,"column":35},"end":{"line":6,"column":50}},"type":"default-arg","locations":[{"start":{"line":6,"column":43},"end":{"line":6,"column":50}}],"line":6},"2":{"loc":{"start":{"line":12,"column":22},"end":{"line":12,"column":40}},"type":"default-arg","locations":[{"start":{"line":12,"column":30},"end":{"line":12,"column":40}}],"line":12},"3":{"loc":{"start":{"line":15,"column":8},"end":{"line":58,"column":9}},"type":"switch","locations":[{"start":{"line":16,"column":12},"end":{"line":23,"column":13}},{"start":{"line":24,"column":12},"end":{"line":31,"column":13}},{"start":{"line":32,"column":12},"end":{"line":39,"column":13}},{"start":{"line":40,"column":12},"end":{"line":47,"column":13}},{"start":{"line":48,"column":12},"end":{"line":54,"column":13}},{"start":{"line":55,"column":12},"end":{"line":57,"column":13}}],"line":15},"4":{"loc":{"start":{"line":62,"column":8},"end":{"line":111,"column":9}},"type":"switch","locations":[{"start":{"line":63,"column":12},"end":{"line":71,"column":13}},{"start":{"line":72,"column":12},"end":{"line":80,"column":13}},{"start":{"line":81,"column":12},"end":{"line":89,"column":13}},{"start":{"line":90,"column":12},"end":{"line":98,"column":13}},{"start":{"line":99,"column":12},"end":{"line":107,"column":13}},{"start":{"line":108,"column":12},"end":{"line":110,"column":13}}],"line":62},"5":{"loc":{"start":{"line":134,"column":8},"end":{"line":141,"column":9}},"type":"if","locations":[{"start":{"line":134,"column":8},"end":{"line":141,"column":9}},{"start":{"line":134,"column":8},"end":{"line":141,"column":9}}],"line":134}},"s":{"0":1,"1":1,"2":1,"3":1,"4":2,"5":2,"6":2,"7":0,"8":0,"9":0,"10":0,"11":0,"12":0,"13":0,"14":0,"15":0,"16":0,"17":0,"18":0,"19":0,"20":0,"21":0,"22":0,"23":0,"24":0,"25":0,"26":0,"27":0,"28":0,"29":0,"30":0,"31":0,"32":0,"33":0,"34":0,"35":0,"36":0,"37":0,"38":0,"39":0,"40":3,"41":2,"42":2,"43":2,"44":2,"45":2,"46":2,"47":2,"48":0,"49":0,"50":0,"51":0,"52":0,"53":0,"54":0,"55":0,"56":0,"57":0,"58":0,"59":0,"60":0,"61":0,"62":0,"63":0,"64":0,"65":0,"66":0,"67":0,"68":0,"69":1,"70":1,"71":1,"72":1,"73":1,"74":1,"75":1,"76":0,"77":2,"78":1,"79":1,"80":0,"81":0,"82":0,"83":0,"84":0,"85":1,"86":15,"87":15,"88":4,"89":11,"90":15,"91":0},"f":{"0":2,"1":0,"2":3,"3":2,"4":1,"5":0,"6":15,"7":0,"8":0},"b":{"0":[2],"1":[2],"2":[0],"3":[0,0,0,0,0,0],"4":[2,0,0,0,1,0],"5":[4,11]},"_coverageSchema":"332fd63041d2c1bcb487cc26dd0d5f7d97098a6c","hash":"8427c28d29449596b6ded6d1a525a5fc0c836ab8"}
}
