{"/Users/Phillip/Projects/go/src/github.com/t1cg/util/jsLogger/logger.js": {"path":"/Users/Phillip/Projects/go/src/github.com/t1cg/util/jsLogger/logger.js","statementMap":{"0":{"start":{"line":2,"column":16},"end":{"line":14,"column":4}},"1":{"start":{"line":3,"column":24},"end":{"line":8,"column":5}},"2":{"start":{"line":4,"column":8},"end":{"line":6,"column":87}},"3":{"start":{"line":5,"column":69},"end":{"line":5,"column":85}},"4":{"start":{"line":6,"column":30},"end":{"line":6,"column":84}},"5":{"start":{"line":6,"column":47},"end":{"line":6,"column":84}},"6":{"start":{"line":6,"column":72},"end":{"line":6,"column":84}},"7":{"start":{"line":7,"column":8},"end":{"line":7,"column":35}},"8":{"start":{"line":9,"column":4},"end":{"line":13,"column":6}},"9":{"start":{"line":10,"column":8},"end":{"line":10,"column":28}},"10":{"start":{"line":11,"column":24},"end":{"line":11,"column":45}},"11":{"start":{"line":12,"column":8},"end":{"line":12,"column":93}},"12":{"start":{"line":15,"column":0},"end":{"line":15,"column":26}},"13":{"start":{"line":16,"column":13},"end":{"line":16,"column":30}},"14":{"start":{"line":17,"column":13},"end":{"line":17,"column":30}},"15":{"start":{"line":18,"column":9},"end":{"line":18,"column":22}},"16":{"start":{"line":19,"column":16},"end":{"line":19,"column":32}},"17":{"start":{"line":20,"column":13},"end":{"line":20,"column":56}},"18":{"start":{"line":21,"column":28},"end":{"line":187,"column":3}},"19":{"start":{"line":23,"column":8},"end":{"line":23,"column":55}},"20":{"start":{"line":23,"column":35},"end":{"line":23,"column":53}},"21":{"start":{"line":24,"column":8},"end":{"line":24,"column":50}},"22":{"start":{"line":24,"column":32},"end":{"line":24,"column":48}},"23":{"start":{"line":26,"column":8},"end":{"line":32,"column":9}},"24":{"start":{"line":27,"column":12},"end":{"line":27,"column":31}},"25":{"start":{"line":30,"column":12},"end":{"line":30,"column":65}},"26":{"start":{"line":31,"column":12},"end":{"line":31,"column":33}},"27":{"start":{"line":34,"column":8},"end":{"line":40,"column":9}},"28":{"start":{"line":35,"column":12},"end":{"line":35,"column":37}},"29":{"start":{"line":38,"column":12},"end":{"line":38,"column":67}},"30":{"start":{"line":39,"column":12},"end":{"line":39,"column":35}},"31":{"start":{"line":42,"column":8},"end":{"line":42,"column":33}},"32":{"start":{"line":45,"column":4},"end":{"line":101,"column":6}},"33":{"start":{"line":46,"column":8},"end":{"line":46,"column":53}},"34":{"start":{"line":46,"column":32},"end":{"line":46,"column":51}},"35":{"start":{"line":47,"column":8},"end":{"line":47,"column":27}},"36":{"start":{"line":49,"column":8},"end":{"line":100,"column":9}},"37":{"start":{"line":50,"column":12},"end":{"line":50,"column":53}},"38":{"start":{"line":51,"column":12},"end":{"line":51,"column":66}},"39":{"start":{"line":53,"column":12},"end":{"line":96,"column":13}},"40":{"start":{"line":55,"column":20},"end":{"line":55,"column":81}},"41":{"start":{"line":56,"column":20},"end":{"line":56,"column":81}},"42":{"start":{"line":57,"column":20},"end":{"line":57,"column":79}},"43":{"start":{"line":58,"column":20},"end":{"line":58,"column":79}},"44":{"start":{"line":59,"column":20},"end":{"line":59,"column":81}},"45":{"start":{"line":60,"column":20},"end":{"line":60,"column":26}},"46":{"start":{"line":63,"column":20},"end":{"line":63,"column":80}},"47":{"start":{"line":64,"column":20},"end":{"line":64,"column":81}},"48":{"start":{"line":65,"column":20},"end":{"line":65,"column":79}},"49":{"start":{"line":66,"column":20},"end":{"line":66,"column":79}},"50":{"start":{"line":67,"column":20},"end":{"line":67,"column":81}},"51":{"start":{"line":68,"column":20},"end":{"line":68,"column":26}},"52":{"start":{"line":71,"column":20},"end":{"line":71,"column":80}},"53":{"start":{"line":72,"column":20},"end":{"line":72,"column":80}},"54":{"start":{"line":73,"column":20},"end":{"line":73,"column":79}},"55":{"start":{"line":74,"column":20},"end":{"line":74,"column":79}},"56":{"start":{"line":75,"column":20},"end":{"line":75,"column":81}},"57":{"start":{"line":76,"column":20},"end":{"line":76,"column":26}},"58":{"start":{"line":79,"column":20},"end":{"line":79,"column":80}},"59":{"start":{"line":80,"column":20},"end":{"line":80,"column":80}},"60":{"start":{"line":81,"column":20},"end":{"line":81,"column":78}},"61":{"start":{"line":82,"column":20},"end":{"line":82,"column":79}},"62":{"start":{"line":83,"column":20},"end":{"line":83,"column":81}},"63":{"start":{"line":84,"column":20},"end":{"line":84,"column":26}},"64":{"start":{"line":87,"column":20},"end":{"line":87,"column":80}},"65":{"start":{"line":88,"column":20},"end":{"line":88,"column":80}},"66":{"start":{"line":89,"column":20},"end":{"line":89,"column":78}},"67":{"start":{"line":90,"column":20},"end":{"line":90,"column":78}},"68":{"start":{"line":91,"column":20},"end":{"line":91,"column":81}},"69":{"start":{"line":94,"column":20},"end":{"line":94,"column":53}},"70":{"start":{"line":99,"column":12},"end":{"line":99,"column":40}},"71":{"start":{"line":103,"column":4},"end":{"line":150,"column":6}},"72":{"start":{"line":105,"column":8},"end":{"line":149,"column":9}},"73":{"start":{"line":107,"column":16},"end":{"line":107,"column":84}},"74":{"start":{"line":108,"column":16},"end":{"line":108,"column":84}},"75":{"start":{"line":109,"column":16},"end":{"line":109,"column":82}},"76":{"start":{"line":110,"column":16},"end":{"line":110,"column":82}},"77":{"start":{"line":111,"column":16},"end":{"line":111,"column":84}},"78":{"start":{"line":112,"column":16},"end":{"line":112,"column":22}},"79":{"start":{"line":115,"column":16},"end":{"line":115,"column":83}},"80":{"start":{"line":116,"column":16},"end":{"line":116,"column":84}},"81":{"start":{"line":117,"column":16},"end":{"line":117,"column":82}},"82":{"start":{"line":118,"column":16},"end":{"line":118,"column":82}},"83":{"start":{"line":119,"column":16},"end":{"line":119,"column":84}},"84":{"start":{"line":120,"column":16},"end":{"line":120,"column":22}},"85":{"start":{"line":123,"column":16},"end":{"line":123,"column":83}},"86":{"start":{"line":124,"column":16},"end":{"line":124,"column":83}},"87":{"start":{"line":125,"column":16},"end":{"line":125,"column":82}},"88":{"start":{"line":126,"column":16},"end":{"line":126,"column":82}},"89":{"start":{"line":127,"column":16},"end":{"line":127,"column":84}},"90":{"start":{"line":128,"column":16},"end":{"line":128,"column":22}},"91":{"start":{"line":131,"column":16},"end":{"line":131,"column":83}},"92":{"start":{"line":132,"column":16},"end":{"line":132,"column":83}},"93":{"start":{"line":133,"column":16},"end":{"line":133,"column":81}},"94":{"start":{"line":134,"column":16},"end":{"line":134,"column":82}},"95":{"start":{"line":135,"column":16},"end":{"line":135,"column":84}},"96":{"start":{"line":136,"column":16},"end":{"line":136,"column":22}},"97":{"start":{"line":139,"column":16},"end":{"line":139,"column":83}},"98":{"start":{"line":140,"column":16},"end":{"line":140,"column":83}},"99":{"start":{"line":141,"column":16},"end":{"line":141,"column":81}},"100":{"start":{"line":142,"column":16},"end":{"line":142,"column":81}},"101":{"start":{"line":143,"column":16},"end":{"line":143,"column":84}},"102":{"start":{"line":144,"column":16},"end":{"line":144,"column":22}},"103":{"start":{"line":147,"column":16},"end":{"line":147,"column":49}},"104":{"start":{"line":152,"column":4},"end":{"line":154,"column":6}},"105":{"start":{"line":153,"column":8},"end":{"line":153,"column":29}},"106":{"start":{"line":156,"column":4},"end":{"line":163,"column":6}},"107":{"start":{"line":157,"column":8},"end":{"line":162,"column":9}},"108":{"start":{"line":158,"column":12},"end":{"line":158,"column":33}},"109":{"start":{"line":161,"column":12},"end":{"line":161,"column":44}},"110":{"start":{"line":165,"column":4},"end":{"line":167,"column":6}},"111":{"start":{"line":166,"column":8},"end":{"line":166,"column":26}},"112":{"start":{"line":169,"column":4},"end":{"line":177,"column":6}},"113":{"start":{"line":170,"column":8},"end":{"line":176,"column":9}},"114":{"start":{"line":171,"column":12},"end":{"line":171,"column":31}},"115":{"start":{"line":172,"column":12},"end":{"line":172,"column":37}},"116":{"start":{"line":175,"column":12},"end":{"line":175,"column":41}},"117":{"start":{"line":178,"column":4},"end":{"line":185,"column":6}},"118":{"start":{"line":179,"column":23},"end":{"line":179,"column":36}},"119":{"start":{"line":180,"column":8},"end":{"line":180,"column":41}},"120":{"start":{"line":181,"column":8},"end":{"line":181,"column":41}},"121":{"start":{"line":182,"column":8},"end":{"line":182,"column":40}},"122":{"start":{"line":183,"column":8},"end":{"line":183,"column":40}},"123":{"start":{"line":184,"column":8},"end":{"line":184,"column":41}},"124":{"start":{"line":186,"column":4},"end":{"line":186,"column":18}},"125":{"start":{"line":188,"column":0},"end":{"line":188,"column":28}},"126":{"start":{"line":189,"column":25},"end":{"line":218,"column":3}},"127":{"start":{"line":191,"column":8},"end":{"line":191,"column":27}},"128":{"start":{"line":192,"column":8},"end":{"line":192,"column":33}},"129":{"start":{"line":193,"column":8},"end":{"line":200,"column":9}},"130":{"start":{"line":195,"column":12},"end":{"line":195,"column":43}},"131":{"start":{"line":199,"column":12},"end":{"line":199,"column":30}},"132":{"start":{"line":201,"column":8},"end":{"line":201,"column":63}},"133":{"start":{"line":202,"column":8},"end":{"line":202,"column":59}},"134":{"start":{"line":204,"column":4},"end":{"line":216,"column":6}},"135":{"start":{"line":205,"column":8},"end":{"line":215,"column":9}},"136":{"start":{"line":207,"column":16},"end":{"line":207,"column":52}},"137":{"start":{"line":208,"column":16},"end":{"line":208,"column":150}},"138":{"start":{"line":209,"column":16},"end":{"line":209,"column":22}},"139":{"start":{"line":212,"column":16},"end":{"line":212,"column":68}},"140":{"start":{"line":213,"column":16},"end":{"line":213,"column":57}},"141":{"start":{"line":217,"column":4},"end":{"line":217,"column":15}},"142":{"start":{"line":220,"column":35},"end":{"line":229,"column":18}},"143":{"start":{"line":221,"column":4},"end":{"line":221,"column":37}},"144":{"start":{"line":223,"column":8},"end":{"line":223,"column":72}},"145":{"start":{"line":225,"column":4},"end":{"line":227,"column":6}},"146":{"start":{"line":228,"column":4},"end":{"line":228,"column":25}}},"fnMap":{"0":{"name":"(anonymous_0)","decl":{"start":{"line":2,"column":45},"end":{"line":2,"column":46}},"loc":{"start":{"line":2,"column":57},"end":{"line":14,"column":1}},"line":2},"1":{"name":"(anonymous_1)","decl":{"start":{"line":3,"column":24},"end":{"line":3,"column":25}},"loc":{"start":{"line":3,"column":40},"end":{"line":8,"column":5}},"line":3},"2":{"name":"(anonymous_2)","decl":{"start":{"line":5,"column":51},"end":{"line":5,"column":52}},"loc":{"start":{"line":5,"column":67},"end":{"line":5,"column":87}},"line":5},"3":{"name":"(anonymous_3)","decl":{"start":{"line":6,"column":12},"end":{"line":6,"column":13}},"loc":{"start":{"line":6,"column":28},"end":{"line":6,"column":86}},"line":6},"4":{"name":"(anonymous_4)","decl":{"start":{"line":9,"column":11},"end":{"line":9,"column":12}},"loc":{"start":{"line":9,"column":27},"end":{"line":13,"column":5}},"line":9},"5":{"name":"__","decl":{"start":{"line":11,"column":17},"end":{"line":11,"column":19}},"loc":{"start":{"line":11,"column":22},"end":{"line":11,"column":47}},"line":11},"6":{"name":"(anonymous_6)","decl":{"start":{"line":21,"column":28},"end":{"line":21,"column":29}},"loc":{"start":{"line":21,"column":40},"end":{"line":187,"column":1}},"line":21},"7":{"name":"Logger","decl":{"start":{"line":22,"column":13},"end":{"line":22,"column":19}},"loc":{"start":{"line":22,"column":37},"end":{"line":43,"column":5}},"line":22},"8":{"name":"(anonymous_8)","decl":{"start":{"line":45,"column":34},"end":{"line":45,"column":35}},"loc":{"start":{"line":45,"column":58},"end":{"line":101,"column":5}},"line":45},"9":{"name":"(anonymous_9)","decl":{"start":{"line":103,"column":36},"end":{"line":103,"column":37}},"loc":{"start":{"line":103,"column":53},"end":{"line":150,"column":5}},"line":103},"10":{"name":"(anonymous_10)","decl":{"start":{"line":152,"column":35},"end":{"line":152,"column":36}},"loc":{"start":{"line":152,"column":47},"end":{"line":154,"column":5}},"line":152},"11":{"name":"(anonymous_11)","decl":{"start":{"line":156,"column":35},"end":{"line":156,"column":36}},"loc":{"start":{"line":156,"column":51},"end":{"line":163,"column":5}},"line":156},"12":{"name":"(anonymous_12)","decl":{"start":{"line":165,"column":35},"end":{"line":165,"column":36}},"loc":{"start":{"line":165,"column":47},"end":{"line":167,"column":5}},"line":165},"13":{"name":"(anonymous_13)","decl":{"start":{"line":169,"column":35},"end":{"line":169,"column":36}},"loc":{"start":{"line":169,"column":52},"end":{"line":177,"column":5}},"line":169},"14":{"name":"(anonymous_14)","decl":{"start":{"line":178,"column":27},"end":{"line":178,"column":28}},"loc":{"start":{"line":178,"column":42},"end":{"line":185,"column":5}},"line":178},"15":{"name":"(anonymous_15)","decl":{"start":{"line":189,"column":25},"end":{"line":189,"column":26}},"loc":{"start":{"line":189,"column":37},"end":{"line":218,"column":1}},"line":189},"16":{"name":"Log","decl":{"start":{"line":190,"column":13},"end":{"line":190,"column":16}},"loc":{"start":{"line":190,"column":51},"end":{"line":203,"column":5}},"line":190},"17":{"name":"(anonymous_17)","decl":{"start":{"line":204,"column":27},"end":{"line":204,"column":28}},"loc":{"start":{"line":204,"column":52},"end":{"line":216,"column":5}},"line":204},"18":{"name":"(anonymous_18)","decl":{"start":{"line":220,"column":35},"end":{"line":220,"column":36}},"loc":{"start":{"line":220,"column":53},"end":{"line":229,"column":1}},"line":220},"19":{"name":"DiscardStream","decl":{"start":{"line":222,"column":13},"end":{"line":222,"column":26}},"loc":{"start":{"line":222,"column":29},"end":{"line":224,"column":5}},"line":222},"20":{"name":"(anonymous_20)","decl":{"start":{"line":225,"column":37},"end":{"line":225,"column":38}},"loc":{"start":{"line":225,"column":65},"end":{"line":227,"column":5}},"line":225}},"branchMap":{"0":{"loc":{"start":{"line":2,"column":16},"end":{"line":14,"column":4}},"type":"binary-expr","locations":[{"start":{"line":2,"column":17},"end":{"line":2,"column":21}},{"start":{"line":2,"column":25},"end":{"line":2,"column":39}},{"start":{"line":2,"column":44},"end":{"line":14,"column":4}}],"line":2},"1":{"loc":{"start":{"line":4,"column":24},"end":{"line":6,"column":86}},"type":"binary-expr","locations":[{"start":{"line":4,"column":24},"end":{"line":4,"column":45}},{"start":{"line":5,"column":13},"end":{"line":5,"column":47}},{"start":{"line":5,"column":51},"end":{"line":5,"column":87}},{"start":{"line":6,"column":12},"end":{"line":6,"column":86}}],"line":4},"2":{"loc":{"start":{"line":6,"column":47},"end":{"line":6,"column":84}},"type":"if","locations":[{"start":{"line":6,"column":47},"end":{"line":6,"column":84}},{"start":{"line":6,"column":47},"end":{"line":6,"column":84}}],"line":6},"3":{"loc":{"start":{"line":12,"column":22},"end":{"line":12,"column":92}},"type":"cond-expr","locations":[{"start":{"line":12,"column":35},"end":{"line":12,"column":51}},{"start":{"line":12,"column":55},"end":{"line":12,"column":91}}],"line":12},"4":{"loc":{"start":{"line":23,"column":8},"end":{"line":23,"column":55}},"type":"if","locations":[{"start":{"line":23,"column":8},"end":{"line":23,"column":55}},{"start":{"line":23,"column":8},"end":{"line":23,"column":55}}],"line":23},"5":{"loc":{"start":{"line":24,"column":8},"end":{"line":24,"column":50}},"type":"if","locations":[{"start":{"line":24,"column":8},"end":{"line":24,"column":50}},{"start":{"line":24,"column":8},"end":{"line":24,"column":50}}],"line":24},"6":{"loc":{"start":{"line":26,"column":8},"end":{"line":32,"column":9}},"type":"if","locations":[{"start":{"line":26,"column":8},"end":{"line":32,"column":9}},{"start":{"line":26,"column":8},"end":{"line":32,"column":9}}],"line":26},"7":{"loc":{"start":{"line":34,"column":8},"end":{"line":40,"column":9}},"type":"if","locations":[{"start":{"line":34,"column":8},"end":{"line":40,"column":9}},{"start":{"line":34,"column":8},"end":{"line":40,"column":9}}],"line":34},"8":{"loc":{"start":{"line":46,"column":8},"end":{"line":46,"column":53}},"type":"if","locations":[{"start":{"line":46,"column":8},"end":{"line":46,"column":53}},{"start":{"line":46,"column":8},"end":{"line":46,"column":53}}],"line":46},"9":{"loc":{"start":{"line":53,"column":12},"end":{"line":96,"column":13}},"type":"switch","locations":[{"start":{"line":54,"column":16},"end":{"line":61,"column":17}},{"start":{"line":62,"column":16},"end":{"line":69,"column":17}},{"start":{"line":70,"column":16},"end":{"line":77,"column":17}},{"start":{"line":78,"column":16},"end":{"line":85,"column":17}},{"start":{"line":86,"column":16},"end":{"line":92,"column":17}},{"start":{"line":93,"column":16},"end":{"line":95,"column":17}}],"line":53},"10":{"loc":{"start":{"line":105,"column":8},"end":{"line":149,"column":9}},"type":"switch","locations":[{"start":{"line":106,"column":12},"end":{"line":113,"column":13}},{"start":{"line":114,"column":12},"end":{"line":121,"column":13}},{"start":{"line":122,"column":12},"end":{"line":129,"column":13}},{"start":{"line":130,"column":12},"end":{"line":137,"column":13}},{"start":{"line":138,"column":12},"end":{"line":145,"column":13}},{"start":{"line":146,"column":12},"end":{"line":148,"column":13}}],"line":105},"11":{"loc":{"start":{"line":157,"column":8},"end":{"line":162,"column":9}},"type":"if","locations":[{"start":{"line":157,"column":8},"end":{"line":162,"column":9}},{"start":{"line":157,"column":8},"end":{"line":162,"column":9}}],"line":157},"12":{"loc":{"start":{"line":170,"column":8},"end":{"line":176,"column":9}},"type":"if","locations":[{"start":{"line":170,"column":8},"end":{"line":176,"column":9}},{"start":{"line":170,"column":8},"end":{"line":176,"column":9}}],"line":170},"13":{"loc":{"start":{"line":193,"column":8},"end":{"line":200,"column":9}},"type":"if","locations":[{"start":{"line":193,"column":8},"end":{"line":200,"column":9}},{"start":{"line":193,"column":8},"end":{"line":200,"column":9}}],"line":193},"14":{"loc":{"start":{"line":205,"column":8},"end":{"line":215,"column":9}},"type":"switch","locations":[{"start":{"line":206,"column":12},"end":{"line":210,"column":13}},{"start":{"line":211,"column":12},"end":{"line":214,"column":13}}],"line":205},"15":{"loc":{"start":{"line":223,"column":15},"end":{"line":223,"column":71}},"type":"binary-expr","locations":[{"start":{"line":223,"column":15},"end":{"line":223,"column":30}},{"start":{"line":223,"column":34},"end":{"line":223,"column":63}},{"start":{"line":223,"column":67},"end":{"line":223,"column":71}}],"line":223}},"s":{"0":1,"1":1,"2":1,"3":0,"4":0,"5":0,"6":0,"7":1,"8":1,"9":1,"10":1,"11":1,"12":1,"13":1,"14":1,"15":1,"16":1,"17":1,"18":1,"19":7,"20":5,"21":7,"22":5,"23":7,"24":6,"25":1,"26":1,"27":7,"28":6,"29":1,"30":1,"31":7,"32":1,"33":0,"34":0,"35":0,"36":0,"37":0,"38":0,"39":0,"40":0,"41":0,"42":0,"43":0,"44":0,"45":0,"46":0,"47":0,"48":0,"49":0,"50":0,"51":0,"52":0,"53":0,"54":0,"55":0,"56":0,"57":0,"58":0,"59":0,"60":0,"61":0,"62":0,"63":0,"64":0,"65":0,"66":0,"67":0,"68":0,"69":0,"70":0,"71":1,"72":8,"73":6,"74":6,"75":6,"76":6,"77":6,"78":6,"79":0,"80":0,"81":0,"82":0,"83":0,"84":0,"85":0,"86":0,"87":0,"88":0,"89":0,"90":0,"91":0,"92":0,"93":0,"94":0,"95":0,"96":0,"97":2,"98":2,"99":2,"100":2,"101":2,"102":2,"103":0,"104":1,"105":5,"106":1,"107":2,"108":1,"109":1,"110":1,"111":5,"112":1,"113":2,"114":1,"115":1,"116":1,"117":1,"118":0,"119":0,"120":0,"121":0,"122":0,"123":0,"124":1,"125":1,"126":1,"127":40,"128":40,"129":40,"130":8,"131":32,"132":40,"133":40,"134":1,"135":0,"136":0,"137":0,"138":0,"139":0,"140":0,"141":1,"142":1,"143":1,"144":8,"145":1,"146":1},"f":{"0":1,"1":1,"2":0,"3":0,"4":1,"5":1,"6":1,"7":7,"8":0,"9":8,"10":5,"11":2,"12":5,"13":2,"14":0,"15":1,"16":40,"17":0,"18":1,"19":8,"20":0},"b":{"0":[1,1,1],"1":[1,0,0,0],"2":[0,0],"3":[0,1],"4":[5,2],"5":[5,2],"6":[6,1],"7":[6,1],"8":[0,0],"9":[0,0,0,0,0,0],"10":[6,0,0,0,2,0],"11":[1,1],"12":[1,1],"13":[8,32],"14":[0,0],"15":[8,8,8]},"_coverageSchema":"332fd63041d2c1bcb487cc26dd0d5f7d97098a6c","hash":"89406ee96ed8989ebfc90c19242314529ec95be1"}
}
