TN:
SF:/Users/Phillip/Projects/go/src/github.com/t1cg/util/jsLogger/logger.js
FN:2,(anonymous_0)
FN:3,(anonymous_1)
FN:5,(anonymous_2)
FN:6,(anonymous_3)
FN:9,(anonymous_4)
FN:11,__
FN:21,(anonymous_6)
FN:22,Logger
FN:45,(anonymous_8)
FN:103,(anonymous_9)
FN:152,(anonymous_10)
FN:156,(anonymous_11)
FN:165,(anonymous_12)
FN:169,(anonymous_13)
FN:178,(anonymous_14)
FN:189,(anonymous_15)
FN:190,Log
FN:204,(anonymous_17)
FN:220,(anonymous_18)
FN:222,DiscardStream
FN:225,(anonymous_20)
FNF:21
FNH:15
FNDA:1,(anonymous_0)
FNDA:1,(anonymous_1)
FNDA:0,(anonymous_2)
FNDA:0,(anonymous_3)
FNDA:1,(anonymous_4)
FNDA:1,__
FNDA:1,(anonymous_6)
FNDA:7,Logger
FNDA:0,(anonymous_8)
FNDA:8,(anonymous_9)
FNDA:5,(anonymous_10)
FNDA:2,(anonymous_11)
FNDA:5,(anonymous_12)
FNDA:2,(anonymous_13)
FNDA:0,(anonymous_14)
FNDA:1,(anonymous_15)
FNDA:40,Log
FNDA:0,(anonymous_17)
FNDA:1,(anonymous_18)
FNDA:8,DiscardStream
FNDA:0,(anonymous_20)
DA:2,1
DA:3,1
DA:4,1
DA:5,0
DA:6,0
DA:7,1
DA:9,1
DA:10,1
DA:11,1
DA:12,1
DA:15,1
DA:16,1
DA:17,1
DA:18,1
DA:19,1
DA:20,1
DA:21,1
DA:23,7
DA:24,7
DA:26,7
DA:27,6
DA:30,1
DA:31,1
DA:34,7
DA:35,6
DA:38,1
DA:39,1
DA:42,7
DA:45,1
DA:46,0
DA:47,0
DA:49,0
DA:50,0
DA:51,0
DA:53,0
DA:55,0
DA:56,0
DA:57,0
DA:58,0
DA:59,0
DA:60,0
DA:63,0
DA:64,0
DA:65,0
DA:66,0
DA:67,0
DA:68,0
DA:71,0
DA:72,0
DA:73,0
DA:74,0
DA:75,0
DA:76,0
DA:79,0
DA:80,0
DA:81,0
DA:82,0
DA:83,0
DA:84,0
DA:87,0
DA:88,0
DA:89,0
DA:90,0
DA:91,0
DA:94,0
DA:99,0
DA:103,1
DA:105,8
DA:107,6
DA:108,6
DA:109,6
DA:110,6
DA:111,6
DA:112,6
DA:115,0
DA:116,0
DA:117,0
DA:118,0
DA:119,0
DA:120,0
DA:123,0
DA:124,0
DA:125,0
DA:126,0
DA:127,0
DA:128,0
DA:131,0
DA:132,0
DA:133,0
DA:134,0
DA:135,0
DA:136,0
DA:139,2
DA:140,2
DA:141,2
DA:142,2
DA:143,2
DA:144,2
DA:147,0
DA:152,1
DA:153,5
DA:156,1
DA:157,2
DA:158,1
DA:161,1
DA:165,1
DA:166,5
DA:169,1
DA:170,2
DA:171,1
DA:172,1
DA:175,1
DA:178,1
DA:179,0
DA:180,0
DA:181,0
DA:182,0
DA:183,0
DA:184,0
DA:186,1
DA:188,1
DA:189,1
DA:191,40
DA:192,40
DA:193,40
DA:195,8
DA:199,32
DA:201,40
DA:202,40
DA:204,1
DA:205,0
DA:207,0
DA:208,0
DA:209,0
DA:212,0
DA:213,0
DA:217,1
DA:220,1
DA:221,1
DA:223,8
DA:225,1
DA:228,1
LF:142
LH:72
BRDA:2,0,0,1
BRDA:2,0,1,1
BRDA:2,0,2,1
BRDA:4,1,0,1
BRDA:4,1,1,0
BRDA:4,1,2,0
BRDA:4,1,3,0
BRDA:6,2,0,0
BRDA:6,2,1,0
BRDA:12,3,0,0
BRDA:12,3,1,1
BRDA:23,4,0,5
BRDA:23,4,1,2
BRDA:24,5,0,5
BRDA:24,5,1,2
BRDA:26,6,0,6
BRDA:26,6,1,1
BRDA:34,7,0,6
BRDA:34,7,1,1
BRDA:46,8,0,0
BRDA:46,8,1,0
BRDA:53,9,0,0
BRDA:53,9,1,0
BRDA:53,9,2,0
BRDA:53,9,3,0
BRDA:53,9,4,0
BRDA:53,9,5,0
BRDA:105,10,0,6
BRDA:105,10,1,0
BRDA:105,10,2,0
BRDA:105,10,3,0
BRDA:105,10,4,2
BRDA:105,10,5,0
BRDA:157,11,0,1
BRDA:157,11,1,1
BRDA:170,12,0,1
BRDA:170,12,1,1
BRDA:193,13,0,8
BRDA:193,13,1,32
BRDA:205,14,0,0
BRDA:205,14,1,0
BRDA:223,15,0,8
BRDA:223,15,1,8
BRDA:223,15,2,8
BRF:44
BRH:24
end_of_record
