TN:
SF:/Users/Phillip/Projects/go/src/github.com/t1cg/util/jsLogger/logger.js
FN:8,(anonymous_0)
FN:29,(anonymous_1)
FN:79,(anonymous_2)
FN:133,(anonymous_3)
FN:137,(anonymous_4)
FN:146,(anonymous_5)
FN:150,(anonymous_6)
FN:159,(anonymous_7)
FN:169,(anonymous_8)
FN:181,(anonymous_9)
FN:187,(anonymous_10)
FNF:11
FNH:7
FNDA:7,(anonymous_0)
FNDA:0,(anonymous_1)
FNDA:8,(anonymous_2)
FNDA:5,(anonymous_3)
FNDA:2,(anonymous_4)
FNDA:5,(anonymous_5)
FNDA:2,(anonymous_6)
FNDA:0,(anonymous_7)
FNDA:40,(anonymous_8)
FNDA:0,(anonymous_9)
FNDA:0,(anonymous_10)
DA:1,1
DA:2,1
DA:3,1
DA:4,1
DA:5,1
DA:6,1
DA:10,7
DA:11,6
DA:14,1
DA:15,1
DA:18,7
DA:19,6
DA:22,1
DA:23,1
DA:26,7
DA:30,0
DA:31,0
DA:33,0
DA:35,0
DA:36,0
DA:37,0
DA:38,0
DA:39,0
DA:40,0
DA:43,0
DA:44,0
DA:45,0
DA:46,0
DA:47,0
DA:48,0
DA:51,0
DA:52,0
DA:53,0
DA:54,0
DA:55,0
DA:56,0
DA:59,0
DA:60,0
DA:61,0
DA:62,0
DA:63,0
DA:64,0
DA:67,0
DA:68,0
DA:69,0
DA:70,0
DA:71,0
DA:74,0
DA:81,8
DA:83,6
DA:84,6
DA:85,6
DA:86,6
DA:87,6
DA:88,6
DA:89,6
DA:92,0
DA:93,0
DA:94,0
DA:95,0
DA:96,0
DA:97,0
DA:98,0
DA:101,0
DA:102,0
DA:103,0
DA:104,0
DA:105,0
DA:106,0
DA:107,0
DA:110,0
DA:111,0
DA:112,0
DA:113,0
DA:114,0
DA:115,0
DA:116,0
DA:119,2
DA:120,2
DA:121,2
DA:122,2
DA:123,2
DA:124,2
DA:125,2
DA:128,0
DA:134,5
DA:138,2
DA:139,1
DA:142,1
DA:147,5
DA:151,2
DA:152,1
DA:153,1
DA:156,1
DA:160,0
DA:161,0
DA:162,0
DA:163,0
DA:164,0
DA:167,1
DA:170,40
DA:171,40
DA:173,8
DA:177,32
DA:179,40
DA:182,0
LF:106
LH:45
BRDA:8,0,0,5
BRDA:8,1,0,5
BRDA:10,2,0,6
BRDA:10,2,1,1
BRDA:18,3,0,6
BRDA:18,3,1,1
BRDA:29,4,0,0
BRDA:33,5,0,0
BRDA:33,5,1,0
BRDA:33,5,2,0
BRDA:33,5,3,0
BRDA:33,5,4,0
BRDA:33,5,5,0
BRDA:81,6,0,6
BRDA:81,6,1,0
BRDA:81,6,2,0
BRDA:81,6,3,0
BRDA:81,6,4,2
BRDA:81,6,5,0
BRDA:138,7,0,1
BRDA:138,7,1,1
BRDA:151,8,0,1
BRDA:151,8,1,1
BRDA:171,9,0,8
BRDA:171,9,1,32
BRF:25
BRH:14
end_of_record
